time="2024-04-04T22:55:44+05:00" level=info msg="connected to the database successfully" func="main.main()" file="main.go:29"
time="2024-04-04T22:55:44+05:00" level=info msg="server started" func="main.main()" file="main.go:36"
time="2024-04-04T22:55:44+05:00" level=fatal msg="error running server listen tcp: address 3301: missing port in address" func="main.main.func1()" file="main.go:39"
time="2024-04-04T22:57:17+05:00" level=info msg="connected to the database successfully" func="main.main()" file="main.go:29"
time="2024-04-04T22:57:17+05:00" level=info msg="server started" func="main.main()" file="main.go:36"
time="2024-04-04T22:58:38+05:00" level=info msg="connected to the database successfully" func="main.main()" file="main.go:29"
time="2024-04-04T22:58:38+05:00" level=info msg="server started" func="main.main()" file="main.go:36"
time="2024-04-04T22:59:02+05:00" level=info msg="connected to the database successfully" func="main.main()" file="main.go:29"
time="2024-04-04T22:59:02+05:00" level=info msg="server started" func="main.main()" file="main.go:36"
time="2024-04-04T22:59:21+05:00" level=info msg="connected to the database successfully" func="main.main()" file="main.go:29"
time="2024-04-04T22:59:21+05:00" level=info msg="server started" func="main.main()" file="main.go:36"
time="2024-04-04T22:59:45+05:00" level=info msg="connected to the database successfully" func="main.main()" file="main.go:29"
time="2024-04-04T22:59:45+05:00" level=info msg="server started" func="main.main()" file="main.go:36"
time="2024-04-06T18:13:49+05:00" level=info msg="connected to the database successfully" func="main.main()" file="main.go:29"
time="2024-04-06T18:13:49+05:00" level=info msg="server started" func="main.main()" file="main.go:36"
time="2024-04-06T18:29:06+05:00" level=info msg="connected to the database successfully" func="main.main()" file="main.go:29"
time="2024-04-06T18:29:06+05:00" level=info msg="server started" func="main.main()" file="main.go:36"
time="2024-04-06T18:30:13+05:00" level=info msg="connected to the database successfully" func="main.main()" file="main.go:29"
time="2024-04-06T18:30:13+05:00" level=info msg="server started" func="main.main()" file="main.go:36"
time="2024-04-06T19:18:07+05:00" level=info msg="connected to the database successfully" func="main.main()" file="main.go:29"
time="2024-04-06T19:18:07+05:00" level=info msg="server started" func="main.main()" file="main.go:36"
time="2024-04-06T19:19:58+05:00" level=info msg="connected to the database successfully" func="main.main()" file="main.go:29"
time="2024-04-06T19:19:58+05:00" level=info msg="server started" func="main.main()" file="main.go:36"
time="2024-04-06T19:20:02+05:00" level=error msg="failed to begin transaction: closed pool" func="github.com/MamushevArup/test-effective-mob/internal/repo/cars.(*Repo).Insert()" file="insert.go:15"
time="2024-04-06T19:22:47+05:00" level=info msg="connected to the database successfully" func="main.main()" file="main.go:30"
time="2024-04-06T19:22:47+05:00" level=info msg="server started" func="main.main()" file="main.go:37"
time="2024-04-06T19:22:58+05:00" level=info msg="transaction started" func="github.com/MamushevArup/test-effective-mob/internal/repo/cars.(*Repo).Insert()" file="insert.go:18"
time="2024-04-06T19:22:58+05:00" level=error msg="failed to insert car: ОШИБКА: INSERT или UPDATE в таблице \"cars\" нарушает ограничение внешнего ключа \"cars_owner_id_fkey\" (SQLSTATE 23503)" func="github.com/MamushevArup/test-effective-mob/internal/repo/cars.(*Repo).insertCheck()" file="insert.go:45"
time="2024-04-06T19:23:44+05:00" level=info msg="connected to the database successfully" func="main.main()" file="main.go:30"
time="2024-04-06T19:23:44+05:00" level=info msg="server started" func="main.main()" file="main.go:37"
time="2024-04-06T19:23:51+05:00" level=info msg="transaction started" func="github.com/MamushevArup/test-effective-mob/internal/repo/cars.(*Repo).Insert()" file="insert.go:18"
time="2024-04-06T19:58:57+05:00" level=info msg="connected to the database successfully" func="main.main()" file="main.go:30"
time="2024-04-06T19:58:57+05:00" level=info msg="server started" func="main.main()" file="main.go:37"
time="2024-04-06T19:59:08+05:00" level=info msg="transaction started" func="github.com/MamushevArup/test-effective-mob/internal/repo/cars.(*Repo).Insert()" file="insert.go:18"
time="2024-04-06T19:59:08+05:00" level=error msg="failed to insert owner: ОШИБКА: повторяющееся значение ключа нарушает ограничение уникальности \"owner_pkey\" (SQLSTATE 23505)" func="github.com/MamushevArup/test-effective-mob/internal/repo/cars.(*Repo).insertCheck()" file="insert.go:44"
time="2024-04-06T20:01:15+05:00" level=info msg="connected to the database successfully" func="main.main()" file="main.go:30"
time="2024-04-06T20:01:15+05:00" level=info msg="server started" func="main.main()" file="main.go:37"
time="2024-04-06T20:01:19+05:00" level=info msg="transaction started" func="github.com/MamushevArup/test-effective-mob/internal/repo/cars.(*Repo).Insert()" file="insert.go:18"
time="2024-04-06T20:01:19+05:00" level=error msg="failed to insert owner: ОШИБКА: повторяющееся значение ключа нарушает ограничение уникальности \"owner_pkey\" (SQLSTATE 23505)" func="github.com/MamushevArup/test-effective-mob/internal/repo/cars.(*Repo).insertCheck()" file="insert.go:44"
time="2024-04-06T20:01:53+05:00" level=info msg="connected to the database successfully" func="main.main()" file="main.go:30"
time="2024-04-06T20:01:53+05:00" level=info msg="server started" func="main.main()" file="main.go:37"
time="2024-04-06T20:01:57+05:00" level=info msg="transaction started" func="github.com/MamushevArup/test-effective-mob/internal/repo/cars.(*Repo).Insert()" file="insert.go:18"
time="2024-04-06T20:01:57+05:00" level=error msg="failed to insert owner: ОШИБКА: повторяющееся значение ключа нарушает ограничение уникальности \"owner_pkey\" (SQLSTATE 23505)" func="github.com/MamushevArup/test-effective-mob/internal/repo/cars.(*Repo).insertCheck()" file="insert.go:44"
time="2024-04-06T20:02:19+05:00" level=info msg="connected to the database successfully" func="main.main()" file="main.go:30"
time="2024-04-06T20:02:19+05:00" level=info msg="server started" func="main.main()" file="main.go:37"
time="2024-04-06T20:02:23+05:00" level=info msg="transaction started" func="github.com/MamushevArup/test-effective-mob/internal/repo/cars.(*Repo).Insert()" file="insert.go:18"
time="2024-04-06T20:02:23+05:00" level=error msg="failed to insert owner: ОШИБКА: повторяющееся значение ключа нарушает ограничение уникальности \"owner_pkey\" (SQLSTATE 23505)" func="github.com/MamushevArup/test-effective-mob/internal/repo/cars.(*Repo).insertCheck()" file="insert.go:44"
time="2024-04-06T20:03:24+05:00" level=info msg="connected to the database successfully" func="main.main()" file="main.go:30"
time="2024-04-06T20:03:24+05:00" level=info msg="server started" func="main.main()" file="main.go:37"
time="2024-04-06T20:03:27+05:00" level=info msg="transaction started" func="github.com/MamushevArup/test-effective-mob/internal/repo/cars.(*Repo).Insert()" file="insert.go:20"
time="2024-04-06T20:04:42+05:00" level=info msg="connected to the database successfully" func="main.main()" file="main.go:30"
time="2024-04-06T20:04:42+05:00" level=info msg="server started" func="main.main()" file="main.go:37"
time="2024-04-06T20:04:47+05:00" level=info msg="transaction started" func="github.com/MamushevArup/test-effective-mob/internal/repo/cars.(*Repo).Insert()" file="insert.go:20"
time="2024-04-06T20:04:47+05:00" level=error msg="failed to insert car: ОШИБКА: повторяющееся значение ключа нарушает ограничение уникальности \"cars_pkey\" (SQLSTATE 23505)" func="github.com/MamushevArup/test-effective-mob/internal/repo/cars.(*Repo).insertCheck()" file="insert.go:46"
time="2024-04-06T20:06:33+05:00" level=info msg="connected to the database successfully" func="main.main()" file="main.go:30"
time="2024-04-06T20:06:33+05:00" level=info msg="server started" func="main.main()" file="main.go:37"
time="2024-04-06T20:06:38+05:00" level=info msg="transaction started" func="github.com/MamushevArup/test-effective-mob/internal/repo/cars.(*Repo).Insert()" file="insert.go:20"
time="2024-04-06T20:41:10+05:00" level=info msg="connected to the database successfully" func="main.main()" file="main.go:30"
time="2024-04-06T20:41:10+05:00" level=info msg="server started" func="main.main()" file="main.go:37"
time="2024-04-06T20:41:40+05:00" level=info msg="transaction started" func="github.com/MamushevArup/test-effective-mob/internal/repo/cars.(*Repo).Insert()" file="insert.go:21"
time="2024-04-06T21:37:55+05:00" level=info msg="connected to the database successfully" func="main.main()" file="main.go:30"
time="2024-04-06T21:37:55+05:00" level=info msg="server started" func="main.main()" file="main.go:37"
time="2024-04-06T21:53:24+05:00" level=info msg="connected to the database successfully" func="main.main()" file="main.go:30"
time="2024-04-06T21:53:24+05:00" level=info msg="server started" func="main.main()" file="main.go:37"
time="2024-04-06T22:31:39+05:00" level=info msg="connected to the database successfully" func="main.main()" file="main.go:30"
time="2024-04-06T22:31:39+05:00" level=info msg="server started" func="main.main()" file="main.go:37"
time="2024-04-06T22:55:34+05:00" level=info msg="connected to the database successfully" func="main.main()" file="main.go:30"
time="2024-04-06T22:55:34+05:00" level=info msg="server started" func="main.main()" file="main.go:37"
time="2024-04-06T22:55:50+05:00" level=info msg="sql query build" func="github.com/MamushevArup/test-effective-mob/internal/repo/cars.(*Repo).updateCar()" file="update.go:64"
time="2024-04-06T22:56:24+05:00" level=info msg="sql query build" func="github.com/MamushevArup/test-effective-mob/internal/repo/cars.(*Repo).updateCar()" file="update.go:64"
time="2024-04-06T22:56:35+05:00" level=info msg="sql query build" func="github.com/MamushevArup/test-effective-mob/internal/repo/cars.(*Repo).updateCar()" file="update.go:64"
time="2024-04-06T22:56:35+05:00" level=error msg="failed to build query: update statements must have at least one Set clause" func="github.com/MamushevArup/test-effective-mob/internal/repo/cars.(*Repo).executeQuery()" file="update.go:76"
time="2024-04-06T22:56:35+05:00" level=error msg="failed to update car: update statements must have at least one Set clause" func="github.com/MamushevArup/test-effective-mob/internal/repo/cars.(*Repo).updateCar()" file="update.go:67"
time="2024-04-06T22:57:44+05:00" level=info msg="connected to the database successfully" func="main.main()" file="main.go:30"
time="2024-04-06T22:57:44+05:00" level=info msg="server started" func="main.main()" file="main.go:37"
time="2024-04-06T23:01:30+05:00" level=info msg="connected to the database successfully" func="main.main()" file="main.go:30"
time="2024-04-06T23:01:30+05:00" level=info msg="server started" func="main.main()" file="main.go:37"
time="2024-04-06T23:06:24+05:00" level=info msg="connected to the database successfully" func="main.main()" file="main.go:30"
time="2024-04-06T23:06:24+05:00" level=info msg="server started" func="main.main()" file="main.go:37"
time="2024-04-06T23:10:05+05:00" level=info msg="connected to the database successfully" func="main.main()" file="main.go:30"
time="2024-04-06T23:10:05+05:00" level=info msg="server started" func="main.main()" file="main.go:37"
time="2024-04-06T23:49:28+05:00" level=info msg="connected to the database successfully" func="main.main()" file="main.go:30"
time="2024-04-06T23:49:28+05:00" level=info msg="server started" func="main.main()" file="main.go:37"
time="2024-04-06T23:50:43+05:00" level=info msg="connected to the database successfully" func="main.main()" file="main.go:30"
time="2024-04-06T23:50:43+05:00" level=info msg="server started" func="main.main()" file="main.go:37"
time="2024-04-06T23:51:20+05:00" level=info msg="connected to the database successfully" func="main.main()" file="main.go:30"
time="2024-04-06T23:51:20+05:00" level=info msg="server started" func="main.main()" file="main.go:37"
time="2024-04-07T00:21:16+05:00" level=info msg="connected to the database successfully" func="main.main()" file="main.go:30"
time="2024-04-07T00:21:16+05:00" level=info msg="server started" func="main.main()" file="main.go:37"
time="2024-04-07T00:31:37+05:00" level=info msg="connected to the database successfully" func="main.main()" file="main.go:30"
time="2024-04-07T00:31:37+05:00" level=info msg="server started" func="main.main()" file="main.go:37"
time="2024-04-07T00:32:25+05:00" level=info msg="connected to the database successfully" func="main.main()" file="main.go:30"
time="2024-04-07T00:32:25+05:00" level=info msg="server started" func="main.main()" file="main.go:37"
time="2024-04-07T00:32:45+05:00" level=info msg="connected to the database successfully" func="main.main()" file="main.go:30"
time="2024-04-07T00:32:45+05:00" level=info msg="server started" func="main.main()" file="main.go:37"
time="2024-04-07T00:33:21+05:00" level=info msg="connected to the database successfully" func="main.main()" file="main.go:30"
time="2024-04-07T00:33:21+05:00" level=info msg="server started" func="main.main()" file="main.go:37"
time="2024-04-07T00:34:06+05:00" level=info msg="connected to the database successfully" func="main.main()" file="main.go:30"
time="2024-04-07T00:34:06+05:00" level=info msg="server started" func="main.main()" file="main.go:37"
